<?xml version="1.0" encoding="UTF-8"?>
<!-- Generated by org.testng.reporters.JUnitReportReporter -->
<testsuite skipped="0" hostname="DESKTOP-6NI868R" name="CareCare" tests="1" failures="0" timestamp="07 Feb 2020 14:11:07 GMT" time="89.044" errors="0">
  <testcase name="FillOnBoardingForm" time="89.044" classname="CareCare"/>
</testsuite> <!-- CareCare -->
